# JRE version: OpenJDK Runtime Environment Microsoft-8902769 (17.0.10+7) (build 17.0.10+7-LTS)
# Java VM: OpenJDK 64-Bit Server VM Microsoft-8902769 (17.0.10+7-LTS, mixed mode, sharing, tiered, compressed oops, compressed class ptrs, g1 gc, windows-amd64)
GC Precious Log:
 CPUs: 4 total, 4 available
 Memory: 3530M
 Large Page Support: Disabled
 NUMA Support: Disabled
 Compressed Oops: Enabled (32-bit)
 Heap Region Size: 1M
 Heap Min Capacity: 8M
 Heap Initial Capacity: 56M
 Heap Max Capacity: 884M
 Pre-touch: Disabled
 Parallel Workers: 4
 Concurrent Workers: 1
 Concurrent Refinement Workers: 4
 Periodic GC: Disabled
Heap:
 garbage-first heap   total 57344K, used 26296K [0x00000000c8c00000, 0x0000000100000000)
  region size 1024K, 23 young (23552K), 5 survivors (5120K)
 Metaspace       used 17035K, committed 17152K, reserved 1114112K
  class space    used 2002K, committed 2048K, reserved 1048576K
GC Heap History (8 events):
Event: 1.357 GC heap before
{Heap before GC invocations=0 (full 0):
 garbage-first heap   total 57344K, used 13312K [0x00000000c8c00000, 0x0000000100000000)
  region size 1024K, 13 young (13312K), 0 survivors (0K)
 Metaspace       used 3838K, committed 4032K, reserved 1114112K
  class space    used 397K, committed 512K, reserved 1048576K
}
Event: 1.369 GC heap after
{Heap after GC invocations=1 (full 0):
 garbage-first heap   total 57344K, used 3372K [0x00000000c8c00000, 0x0000000100000000)
  region size 1024K, 2 young (2048K), 2 survivors (2048K)
 Metaspace       used 3838K, committed 4032K, reserved 1114112K
  class space    used 397K, committed 512K, reserved 1048576K
}
Event: 2.022 GC heap before
{Heap before GC invocations=1 (full 0):
 garbage-first heap   total 57344K, used 15660K [0x00000000c8c00000, 0x0000000100000000)
  region size 1024K, 14 young (14336K), 2 survivors (2048K)
 Metaspace       used 5573K, committed 5760K, reserved 1114112K
  class space    used 649K, committed 768K, reserved 1048576K
}
Event: 2.027 GC heap after
{Heap after GC invocations=2 (full 0):
 garbage-first heap   total 57344K, used 4087K [0x00000000c8c00000, 0x0000000100000000)
  region size 1024K, 1 young (1024K), 1 survivors (1024K)
 Metaspace       used 5573K, committed 5760K, reserved 1114112K
  class space    used 649K, committed 768K, reserved 1048576K
}
Event: 3.396 GC heap before
{Heap before GC invocations=2 (full 0):
 garbage-first heap   total 57344K, used 26615K [0x00000000c8c00000, 0x0000000100000000)
  region size 1024K, 23 young (23552K), 1 survivors (1024K)
 Metaspace       used 9144K, committed 9280K, reserved 1114112K
  class space    used 1098K, committed 1152K, reserved 1048576K
}
Event: 3.401 GC heap after
{Heap after GC invocations=3 (full 0):
 garbage-first heap   total 57344K, used 5243K [0x00000000c8c00000, 0x0000000100000000)
  region size 1024K, 2 young (2048K), 2 survivors (2048K)
 Metaspace       used 9144K, committed 9280K, reserved 1114112K
  class space    used 1098K, committed 1152K, reserved 1048576K
}
Event: 5.478 GC heap before
{Heap before GC invocations=3 (full 0):
 garbage-first heap   total 57344K, used 36987K [0x00000000c8c00000, 0x0000000100000000)
  region size 1024K, 33 young (33792K), 2 survivors (2048K)
 Metaspace       used 12588K, committed 12736K, reserved 1114112K
  class space    used 1469K, committed 1536K, reserved 1048576K
}
Event: 5.496 GC heap after
{Heap after GC invocations=4 (full 0):
 garbage-first heap   total 57344K, used 8888K [0x00000000c8c00000, 0x0000000100000000)
  region size 1024K, 5 young (5120K), 5 survivors (5120K)
 Metaspace       used 12588K, committed 12736K, reserved 1114112K
  class space    used 1469K, committed 1536K, reserved 1048576K
}

