# JRE version: OpenJDK Runtime Environment Microsoft-8902769 (17.0.10+7) (build 17.0.10+7-LTS)
# Java VM: OpenJDK 64-Bit Server VM Microsoft-8902769 (17.0.10+7-LTS, mixed mode, sharing, tiered, compressed oops, compressed class ptrs, g1 gc, windows-amd64)
GC Precious Log:
 CPUs: 4 total, 4 available
 Memory: 3530M
 Large Page Support: Disabled
 NUMA Support: Disabled
 Compressed Oops: Enabled (32-bit)
 Heap Region Size: 1M
 Heap Min Capacity: 8M
 Heap Initial Capacity: 56M
 Heap Max Capacity: 884M
 Pre-touch: Disabled
 Parallel Workers: 4
 Concurrent Workers: 1
 Concurrent Refinement Workers: 4
 Periodic GC: Disabled
Heap:
 garbage-first heap   total 57344K, used 33729K [0x00000000c8c00000, 0x0000000100000000)
  region size 1024K, 31 young (31744K), 2 survivors (2048K)
 Metaspace       used 12354K, committed 12544K, reserved 1114112K
  class space    used 1452K, committed 1536K, reserved 1048576K
GC Heap History (6 events):
Event: 1.680 GC heap before
{Heap before GC invocations=0 (full 0):
 garbage-first heap   total 57344K, used 13312K [0x00000000c8c00000, 0x0000000100000000)
  region size 1024K, 13 young (13312K), 0 survivors (0K)
 Metaspace       used 3843K, committed 4032K, reserved 1114112K
  class space    used 396K, committed 512K, reserved 1048576K
}
Event: 1.688 GC heap after
{Heap after GC invocations=1 (full 0):
 garbage-first heap   total 57344K, used 3360K [0x00000000c8c00000, 0x0000000100000000)
  region size 1024K, 2 young (2048K), 2 survivors (2048K)
 Metaspace       used 3843K, committed 4032K, reserved 1114112K
  class space    used 396K, committed 512K, reserved 1048576K
}
Event: 2.168 GC heap before
{Heap before GC invocations=1 (full 0):
 garbage-first heap   total 57344K, used 14624K [0x00000000c8c00000, 0x0000000100000000)
  region size 1024K, 13 young (13312K), 2 survivors (2048K)
 Metaspace       used 5443K, committed 5568K, reserved 1114112K
  class space    used 628K, committed 704K, reserved 1048576K
}
Event: 2.173 GC heap after
{Heap after GC invocations=2 (full 0):
 garbage-first heap   total 57344K, used 4060K [0x00000000c8c00000, 0x0000000100000000)
  region size 1024K, 1 young (1024K), 1 survivors (1024K)
 Metaspace       used 5443K, committed 5568K, reserved 1114112K
  class space    used 628K, committed 704K, reserved 1048576K
}
Event: 3.741 GC heap before
{Heap before GC invocations=2 (full 0):
 garbage-first heap   total 57344K, used 25564K [0x00000000c8c00000, 0x0000000100000000)
  region size 1024K, 23 young (23552K), 1 survivors (1024K)
 Metaspace       used 8739K, committed 8960K, reserved 1114112K
  class space    used 1042K, committed 1152K, reserved 1048576K
}
Event: 3.746 GC heap after
{Heap after GC invocations=3 (full 0):
 garbage-first heap   total 57344K, used 5057K [0x00000000c8c00000, 0x0000000100000000)
  region size 1024K, 2 young (2048K), 2 survivors (2048K)
 Metaspace       used 8739K, committed 8960K, reserved 1114112K
  class space    used 1042K, committed 1152K, reserved 1048576K
}

